<?xml version="1.0" encoding="UTF-8"?>
<!-- Generated by org.testng.reporters.JUnitReportReporter -->
<testsuite skipped="0" hostname="TriNguyens-MacBook-Pro.local" name="com.wonolo.Login" tests="1" failures="0" timestamp="14 Jul 2018 09:22:57 GMT" time="2.432" errors="0">
  <testcase name="testVerificationCode" time="2.432" classname="com.wonolo.Login"/>
</testsuite> <!-- com.wonolo.Login -->
